<?xml version="1.0" encoding="UTF-8"?>
<testng-results ignored="0" total="1" passed="1" failed="0" skipped="0">
  <reporter-output>
  </reporter-output>
  <suite started-at="2024-07-08T10:45:16 IST" name="Default suite" finished-at="2024-07-08T10:45:40 IST" duration-ms="24165">
    <groups>
    </groups>
    <test started-at="2024-07-08T10:45:16 IST" name="Default test" finished-at="2024-07-08T10:45:40 IST" duration-ms="24165">
      <class name="gluecode.StepDef1">
        <test-method signature="m1()[pri:0, instance:gluecode.StepDef1@1a942c18]" started-at="2024-07-08T10:45:16 IST" name="m1" finished-at="2024-07-08T10:45:40 IST" duration-ms="24087" status="PASS">
          <reporter-output>
          </reporter-output>
        </test-method> <!-- m1 -->
      </class> <!-- gluecode.StepDef1 -->
    </test> <!-- Default test -->
  </suite> <!-- Default suite -->
</testng-results>
